0 info it worked if it ends with ok
1 verbose cli [ 'D:\\Program Files\\nodejs\\node.exe',
1 verbose cli   'D:\\Program Files\\nodejs\\node_modules\\npm\\bin\\npm-cli.js',
1 verbose cli   'run',
1 verbose cli   'server' ]
2 info using npm@3.10.10
3 info using node@v6.11.0
4 verbose run-script [ 'preserver', 'server', 'postserver' ]
5 info lifecycle ajax-presentation@1.0.0~preserver: ajax-presentation@1.0.0
6 silly lifecycle ajax-presentation@1.0.0~preserver: no script for preserver, continuing
7 info lifecycle ajax-presentation@1.0.0~server: ajax-presentation@1.0.0
8 verbose lifecycle ajax-presentation@1.0.0~server: unsafe-perm in lifecycle true
9 verbose lifecycle ajax-presentation@1.0.0~server: PATH: D:\Program Files\nodejs\node_modules\npm\bin\node-gyp-bin;D:\repos\ajax-presentation\node_modules\.bin;D:\Program Files\cmder\bin;D:\Program Files\cmder\vendor\conemu-maximus5\ConEmu\Scripts;D:\Program Files\cmder\vendor\conemu-maximus5;D:\Program Files\cmder\vendor\conemu-maximus5\ConEmu;C:\Program Files\Microsoft MPI\Bin\;C:\Program Files (x86)\Intel\iCLS Client\;C:\Program Files\Intel\iCLS Client\;C:\Windows\system32;C:\Windows;C:\Windows\System32\Wbem;C:\Windows\System32\WindowsPowerShell\v1.0\;C:\Program Files (x86)\Intel\Intel(R) Management Engine Components\DAL;C:\Program Files\Intel\Intel(R) Management Engine Components\DAL;C:\Program Files (x86)\Intel\Intel(R) Management Engine Components\IPT;C:\Program Files\Intel\Intel(R) Management Engine Components\IPT;C:\Program Files (x86)\NVIDIA Corporation\PhysX\Common;C:\Program Files (x86)\Skype\Phone\;C:\Program Files\Git\cmd;C:\Program Files\Microsoft SQL Server\130\Tools\Binn\;C:\Program Files\dotnet\;C:\Program Files (x86)\Xoreax\IncrediBuild;C:\Program Files\Anaconda3;C:\Program Files\Anaconda3\Scripts;C:\Program Files\Anaconda3\Library\bin;C:\Program Files\Anaconda2;C:\Program Files\Anaconda2\Scripts;C:\Program Files\Anaconda2\Library\bin;C:\Program Files (x86)\Anaconda3;C:\Program Files (x86)\Anaconda3\Scripts;C:\Program Files (x86)\Anaconda3\Library\bin;C:\Program Files (x86)\Anaconda2;C:\Program Files (x86)\Anaconda2\Scripts;C:\Program Files (x86)\Anaconda2\Library\bin;C:\Program Files (x86)\GtkSharp\2.12\bin;C:\WINDOWS\system32;C:\WINDOWS;C:\WINDOWS\System32\Wbem;C:\WINDOWS\System32\WindowsPowerShell\v1.0\;C:\Program Files (x86)\Microsoft SQL Server\Client SDK\ODBC\130\Tools\Binn\;C:\Program Files (x86)\Microsoft SQL Server\140\Tools\Binn\;C:\Program Files (x86)\Microsoft SQL Server\140\DTS\Binn\;C:\Program Files (x86)\Microsoft SQL Server\140\Tools\Binn\ManagementStudio\;D:\Program Files (x86)\Yarn\bin;D:\Program Files\nodejs\;C:\Program Files\Microsoft\Web Platform Installer\;C:\Users\Tomek\AppData\Local\Microsoft\WindowsApps;C:\Users\Tomek\AppData\Local\Yarn\bin;C:\Users\Tomek\AppData\Roaming\npm;;D:\Program Files\Microsoft VS Code\bin;C:\Program Files\Git\usr\bin;C:\Program Files\Git\usr\share\vim\vim74;D:\Program Files\cmder\
10 verbose lifecycle ajax-presentation@1.0.0~server: CWD: D:\repos\ajax-presentation
11 silly lifecycle ajax-presentation@1.0.0~server: Args: [ '/d /s /c', 'node ./index.js' ]
12 silly lifecycle ajax-presentation@1.0.0~server: Returned: code: 3221225786  signal: null
13 info lifecycle ajax-presentation@1.0.0~server: Failed to exec server script
14 verbose stack Error: ajax-presentation@1.0.0 server: `node ./index.js`
14 verbose stack Exit status 3221225786
14 verbose stack     at EventEmitter.<anonymous> (D:\Program Files\nodejs\node_modules\npm\lib\utils\lifecycle.js:255:16)
14 verbose stack     at emitTwo (events.js:106:13)
14 verbose stack     at EventEmitter.emit (events.js:191:7)
14 verbose stack     at ChildProcess.<anonymous> (D:\Program Files\nodejs\node_modules\npm\lib\utils\spawn.js:40:14)
14 verbose stack     at emitTwo (events.js:106:13)
14 verbose stack     at ChildProcess.emit (events.js:191:7)
14 verbose stack     at maybeClose (internal/child_process.js:891:16)
14 verbose stack     at Process.ChildProcess._handle.onexit (internal/child_process.js:226:5)
15 verbose pkgid ajax-presentation@1.0.0
16 verbose cwd D:\repos\ajax-presentation
17 error Windows_NT 10.0.16299
18 error argv "D:\\Program Files\\nodejs\\node.exe" "D:\\Program Files\\nodejs\\node_modules\\npm\\bin\\npm-cli.js" "run" "server"
19 error node v6.11.0
20 error npm  v3.10.10
21 error code ELIFECYCLE
22 error ajax-presentation@1.0.0 server: `node ./index.js`
22 error Exit status 3221225786
23 error Failed at the ajax-presentation@1.0.0 server script 'node ./index.js'.
23 error Make sure you have the latest version of node.js and npm installed.
23 error If you do, this is most likely a problem with the ajax-presentation package,
23 error not with npm itself.
23 error Tell the author that this fails on your system:
23 error     node ./index.js
23 error You can get information on how to open an issue for this project with:
23 error     npm bugs ajax-presentation
23 error Or if that isn't available, you can get their info via:
23 error     npm owner ls ajax-presentation
23 error There is likely additional logging output above.
24 verbose exit [ 1, true ]
